[0.677s] Invoking command in '/home/fly/ros2_ws/src/my_robot_controller': PYTHONPATH=/home/fly/ros2_ws/build/my_robot_controller/prefix_override:/usr/lib/python3/dist-packages/colcon_core/task/python/colcon_distutils_commands:/home/fly/ros2_ws/install/my_robot_controller/lib/python3.10/site-packages:${PYTHONPATH} /usr/bin/python3 -W ignore:setup.py install is deprecated -W ignore:easy_install command is deprecated setup.py egg_info --egg-base ../../build/my_robot_controller build --build-base /home/fly/ros2_ws/build/my_robot_controller/build install --record /home/fly/ros2_ws/build/my_robot_controller/install.log --single-version-externally-managed install_data
[0.935s] running egg_info
[0.935s] creating ../../build/my_robot_controller/my_robot_controller.egg-info
[0.936s] writing ../../build/my_robot_controller/my_robot_controller.egg-info/PKG-INFO
[0.936s] writing dependency_links to ../../build/my_robot_controller/my_robot_controller.egg-info/dependency_links.txt
[0.936s] writing entry points to ../../build/my_robot_controller/my_robot_controller.egg-info/entry_points.txt
[0.936s] writing requirements to ../../build/my_robot_controller/my_robot_controller.egg-info/requires.txt
[0.937s] writing top-level names to ../../build/my_robot_controller/my_robot_controller.egg-info/top_level.txt
[0.937s] writing manifest file '../../build/my_robot_controller/my_robot_controller.egg-info/SOURCES.txt'
[0.938s] reading manifest file '../../build/my_robot_controller/my_robot_controller.egg-info/SOURCES.txt'
[0.939s] writing manifest file '../../build/my_robot_controller/my_robot_controller.egg-info/SOURCES.txt'
[0.939s] running build
[0.939s] running build_py
[0.939s] creating /home/fly/ros2_ws/build/my_robot_controller/build
[0.939s] creating /home/fly/ros2_ws/build/my_robot_controller/build/lib
[0.939s] creating /home/fly/ros2_ws/build/my_robot_controller/build/lib/my_robot_controller
[0.940s] copying my_robot_controller/__init__.py -> /home/fly/ros2_ws/build/my_robot_controller/build/lib/my_robot_controller
[0.940s] running install
[0.940s] running install_lib
[0.941s] creating /home/fly/ros2_ws/install/my_robot_controller/lib/python3.10/site-packages/my_robot_controller
[0.941s] copying /home/fly/ros2_ws/build/my_robot_controller/build/lib/my_robot_controller/__init__.py -> /home/fly/ros2_ws/install/my_robot_controller/lib/python3.10/site-packages/my_robot_controller
[0.941s] byte-compiling /home/fly/ros2_ws/install/my_robot_controller/lib/python3.10/site-packages/my_robot_controller/__init__.py to __init__.cpython-310.pyc
[0.941s] running install_data
[0.941s] creating /home/fly/ros2_ws/install/my_robot_controller/share/ament_index
[0.942s] creating /home/fly/ros2_ws/install/my_robot_controller/share/ament_index/resource_index
[0.942s] creating /home/fly/ros2_ws/install/my_robot_controller/share/ament_index/resource_index/packages
[0.942s] copying resource/my_robot_controller -> /home/fly/ros2_ws/install/my_robot_controller/share/ament_index/resource_index/packages
[0.942s] copying package.xml -> /home/fly/ros2_ws/install/my_robot_controller/share/my_robot_controller
[0.942s] running install_egg_info
[0.944s] Copying ../../build/my_robot_controller/my_robot_controller.egg-info to /home/fly/ros2_ws/install/my_robot_controller/lib/python3.10/site-packages/my_robot_controller-0.0.0-py3.10.egg-info
[0.945s] running install_scripts
[0.967s] writing list of installed files to '/home/fly/ros2_ws/build/my_robot_controller/install.log'
[0.989s] Invoked command in '/home/fly/ros2_ws/src/my_robot_controller' returned '0': PYTHONPATH=/home/fly/ros2_ws/build/my_robot_controller/prefix_override:/usr/lib/python3/dist-packages/colcon_core/task/python/colcon_distutils_commands:/home/fly/ros2_ws/install/my_robot_controller/lib/python3.10/site-packages:${PYTHONPATH} /usr/bin/python3 -W ignore:setup.py install is deprecated -W ignore:easy_install command is deprecated setup.py egg_info --egg-base ../../build/my_robot_controller build --build-base /home/fly/ros2_ws/build/my_robot_controller/build install --record /home/fly/ros2_ws/build/my_robot_controller/install.log --single-version-externally-managed install_data
