[0.656s] Invoking command in '/home/fly/ros2_ws/src/build/my_robot_controller': PYTHONPATH=/home/fly/ros2_ws/src/build/my_robot_controller/prefix_override:/usr/lib/python3/dist-packages/colcon_core/task/python/colcon_distutils_commands:/home/fly/ros2_ws/src/install/my_robot_controller/lib/python3.10/site-packages:${PYTHONPATH} /usr/bin/python3 -W ignore:setup.py install is deprecated -W ignore:easy_install command is deprecated setup.py develop --editable --build-directory /home/fly/ros2_ws/src/build/my_robot_controller/build --no-deps symlink_data
[0.973s] running develop
[1.140s] running egg_info
[1.140s] creating my_robot_controller.egg-info
[1.140s] writing my_robot_controller.egg-info/PKG-INFO
[1.142s] writing dependency_links to my_robot_controller.egg-info/dependency_links.txt
[1.142s] writing entry points to my_robot_controller.egg-info/entry_points.txt
[1.142s] writing requirements to my_robot_controller.egg-info/requires.txt
[1.142s] writing top-level names to my_robot_controller.egg-info/top_level.txt
[1.142s] writing manifest file 'my_robot_controller.egg-info/SOURCES.txt'
[1.143s] reading manifest file 'my_robot_controller.egg-info/SOURCES.txt'
[1.144s] writing manifest file 'my_robot_controller.egg-info/SOURCES.txt'
[1.145s] running build_ext
[1.146s] Creating /home/fly/ros2_ws/src/install/my_robot_controller/lib/python3.10/site-packages/my-robot-controller.egg-link (link to .)
[1.147s] Installing draw_circle script to /home/fly/ros2_ws/src/install/my_robot_controller/lib/my_robot_controller
[1.147s] Installing pose_subscriber script to /home/fly/ros2_ws/src/install/my_robot_controller/lib/my_robot_controller
[1.147s] Installing test_node script to /home/fly/ros2_ws/src/install/my_robot_controller/lib/my_robot_controller
[1.147s] 
[1.147s] Installed /home/fly/ros2_ws/src/build/my_robot_controller
[1.147s] running symlink_data
[1.148s] creating /home/fly/ros2_ws/src/install/my_robot_controller/share/ament_index
[1.148s] creating /home/fly/ros2_ws/src/install/my_robot_controller/share/ament_index/resource_index
[1.148s] creating /home/fly/ros2_ws/src/install/my_robot_controller/share/ament_index/resource_index/packages
[1.148s] symbolically linking /home/fly/ros2_ws/src/build/my_robot_controller/resource/my_robot_controller -> /home/fly/ros2_ws/src/install/my_robot_controller/share/ament_index/resource_index/packages
[1.148s] symbolically linking /home/fly/ros2_ws/src/build/my_robot_controller/package.xml -> /home/fly/ros2_ws/src/install/my_robot_controller/share/my_robot_controller
[1.176s] Invoked command in '/home/fly/ros2_ws/src/build/my_robot_controller' returned '0': PYTHONPATH=/home/fly/ros2_ws/src/build/my_robot_controller/prefix_override:/usr/lib/python3/dist-packages/colcon_core/task/python/colcon_distutils_commands:/home/fly/ros2_ws/src/install/my_robot_controller/lib/python3.10/site-packages:${PYTHONPATH} /usr/bin/python3 -W ignore:setup.py install is deprecated -W ignore:easy_install command is deprecated setup.py develop --editable --build-directory /home/fly/ros2_ws/src/build/my_robot_controller/build --no-deps symlink_data
