[0.646s] Invoking command in '/home/fly/ros2_ws/src/my_robot_controller': PYTHONPATH=/home/fly/ros2_ws/build/my_robot_controller/prefix_override:/usr/lib/python3/dist-packages/colcon_core/task/python/colcon_distutils_commands:/home/fly/ros2_ws/install/my_robot_controller/lib/python3.10/site-packages:${PYTHONPATH} /usr/bin/python3 -W ignore:setup.py install is deprecated -W ignore:easy_install command is deprecated setup.py egg_info --egg-base ../../build/my_robot_controller build --build-base /home/fly/ros2_ws/build/my_robot_controller/build install --record /home/fly/ros2_ws/build/my_robot_controller/install.log --single-version-externally-managed install_data
[0.896s] running egg_info
[0.896s] writing ../../build/my_robot_controller/my_robot_controller.egg-info/PKG-INFO
[0.896s] writing dependency_links to ../../build/my_robot_controller/my_robot_controller.egg-info/dependency_links.txt
[0.897s] writing entry points to ../../build/my_robot_controller/my_robot_controller.egg-info/entry_points.txt
[0.897s] writing requirements to ../../build/my_robot_controller/my_robot_controller.egg-info/requires.txt
[0.897s] writing top-level names to ../../build/my_robot_controller/my_robot_controller.egg-info/top_level.txt
[0.900s] reading manifest file '../../build/my_robot_controller/my_robot_controller.egg-info/SOURCES.txt'
[0.900s] writing manifest file '../../build/my_robot_controller/my_robot_controller.egg-info/SOURCES.txt'
[0.900s] running build
[0.900s] running build_py
[0.900s] copying my_robot_controller/spiral_subscriber.py -> /home/fly/ros2_ws/build/my_robot_controller/build/lib/my_robot_controller
[0.901s] copying my_robot_controller/turtle_spiral.py -> /home/fly/ros2_ws/build/my_robot_controller/build/lib/my_robot_controller
[0.901s] running install
[0.901s] running install_lib
[0.902s] copying /home/fly/ros2_ws/build/my_robot_controller/build/lib/my_robot_controller/spiral_subscriber.py -> /home/fly/ros2_ws/install/my_robot_controller/lib/python3.10/site-packages/my_robot_controller
[0.902s] copying /home/fly/ros2_ws/build/my_robot_controller/build/lib/my_robot_controller/turtle_spiral.py -> /home/fly/ros2_ws/install/my_robot_controller/lib/python3.10/site-packages/my_robot_controller
[0.904s] byte-compiling /home/fly/ros2_ws/install/my_robot_controller/lib/python3.10/site-packages/my_robot_controller/spiral_subscriber.py to spiral_subscriber.cpython-310.pyc
[0.904s] byte-compiling /home/fly/ros2_ws/install/my_robot_controller/lib/python3.10/site-packages/my_robot_controller/turtle_spiral.py to turtle_spiral.cpython-310.pyc
[0.904s] running install_data
[0.904s] running install_egg_info
[0.907s] removing '/home/fly/ros2_ws/install/my_robot_controller/lib/python3.10/site-packages/my_robot_controller-0.0.0-py3.10.egg-info' (and everything under it)
[0.907s] Copying ../../build/my_robot_controller/my_robot_controller.egg-info to /home/fly/ros2_ws/install/my_robot_controller/lib/python3.10/site-packages/my_robot_controller-0.0.0-py3.10.egg-info
[0.908s] running install_scripts
[0.930s] Installing spiral_subscriber script to /home/fly/ros2_ws/install/my_robot_controller/lib/my_robot_controller
[0.930s] Installing turtle_spiral script to /home/fly/ros2_ws/install/my_robot_controller/lib/my_robot_controller
[0.932s] writing list of installed files to '/home/fly/ros2_ws/build/my_robot_controller/install.log'
[0.953s] Invoked command in '/home/fly/ros2_ws/src/my_robot_controller' returned '0': PYTHONPATH=/home/fly/ros2_ws/build/my_robot_controller/prefix_override:/usr/lib/python3/dist-packages/colcon_core/task/python/colcon_distutils_commands:/home/fly/ros2_ws/install/my_robot_controller/lib/python3.10/site-packages:${PYTHONPATH} /usr/bin/python3 -W ignore:setup.py install is deprecated -W ignore:easy_install command is deprecated setup.py egg_info --egg-base ../../build/my_robot_controller build --build-base /home/fly/ros2_ws/build/my_robot_controller/build install --record /home/fly/ros2_ws/build/my_robot_controller/install.log --single-version-externally-managed install_data
