[0.637s] Invoking command in '/home/fly/ros2_ws/build/my_robot_controller': PYTHONPATH=/home/fly/ros2_ws/build/my_robot_controller/prefix_override:/usr/lib/python3/dist-packages/colcon_core/task/python/colcon_distutils_commands:/home/fly/ros2_ws/install/my_robot_controller/lib/python3.10/site-packages:${PYTHONPATH} /usr/bin/python3 -W ignore:setup.py install is deprecated -W ignore:easy_install command is deprecated setup.py develop --uninstall --editable --build-directory /home/fly/ros2_ws/build/my_robot_controller/build
[0.909s] running develop
[1.074s] Removing /home/fly/ros2_ws/install/my_robot_controller/lib/python3.10/site-packages/my-robot-controller.egg-link (link to .)
[1.097s] Invoked command in '/home/fly/ros2_ws/build/my_robot_controller' returned '0': PYTHONPATH=/home/fly/ros2_ws/build/my_robot_controller/prefix_override:/usr/lib/python3/dist-packages/colcon_core/task/python/colcon_distutils_commands:/home/fly/ros2_ws/install/my_robot_controller/lib/python3.10/site-packages:${PYTHONPATH} /usr/bin/python3 -W ignore:setup.py install is deprecated -W ignore:easy_install command is deprecated setup.py develop --uninstall --editable --build-directory /home/fly/ros2_ws/build/my_robot_controller/build
[1.100s] Invoking command in '/home/fly/ros2_ws/src/my_robot_controller': PYTHONPATH=/home/fly/ros2_ws/build/my_robot_controller/prefix_override:/usr/lib/python3/dist-packages/colcon_core/task/python/colcon_distutils_commands:/home/fly/ros2_ws/install/my_robot_controller/lib/python3.10/site-packages:${PYTHONPATH} /usr/bin/python3 -W ignore:setup.py install is deprecated -W ignore:easy_install command is deprecated setup.py egg_info --egg-base ../../build/my_robot_controller build --build-base /home/fly/ros2_ws/build/my_robot_controller/build install --record /home/fly/ros2_ws/build/my_robot_controller/install.log --single-version-externally-managed install_data --force
[1.352s] running egg_info
[1.353s] writing ../../build/my_robot_controller/my_robot_controller.egg-info/PKG-INFO
[1.354s] writing dependency_links to ../../build/my_robot_controller/my_robot_controller.egg-info/dependency_links.txt
[1.354s] writing entry points to ../../build/my_robot_controller/my_robot_controller.egg-info/entry_points.txt
[1.354s] writing requirements to ../../build/my_robot_controller/my_robot_controller.egg-info/requires.txt
[1.355s] writing top-level names to ../../build/my_robot_controller/my_robot_controller.egg-info/top_level.txt
[1.356s] reading manifest file '../../build/my_robot_controller/my_robot_controller.egg-info/SOURCES.txt'
[1.357s] writing manifest file '../../build/my_robot_controller/my_robot_controller.egg-info/SOURCES.txt'
[1.357s] running build
[1.357s] running build_py
[1.358s] copying my_robot_controller/spiral_subscriber.py -> /home/fly/ros2_ws/build/my_robot_controller/build/lib/my_robot_controller
[1.358s] copying my_robot_controller/__init__.py -> /home/fly/ros2_ws/build/my_robot_controller/build/lib/my_robot_controller
[1.358s] copying my_robot_controller/turtle_spiral.py -> /home/fly/ros2_ws/build/my_robot_controller/build/lib/my_robot_controller
[1.358s] running install
[1.358s] running install_lib
[1.359s] creating /home/fly/ros2_ws/install/my_robot_controller/lib/python3.10/site-packages/my_robot_controller
[1.360s] copying /home/fly/ros2_ws/build/my_robot_controller/build/lib/my_robot_controller/my_first_node.py -> /home/fly/ros2_ws/install/my_robot_controller/lib/python3.10/site-packages/my_robot_controller
[1.360s] copying /home/fly/ros2_ws/build/my_robot_controller/build/lib/my_robot_controller/spiral_subscriber.py -> /home/fly/ros2_ws/install/my_robot_controller/lib/python3.10/site-packages/my_robot_controller
[1.360s] copying /home/fly/ros2_ws/build/my_robot_controller/build/lib/my_robot_controller/__init__.py -> /home/fly/ros2_ws/install/my_robot_controller/lib/python3.10/site-packages/my_robot_controller
[1.360s] copying /home/fly/ros2_ws/build/my_robot_controller/build/lib/my_robot_controller/turtle_spiral.py -> /home/fly/ros2_ws/install/my_robot_controller/lib/python3.10/site-packages/my_robot_controller
[1.360s] byte-compiling /home/fly/ros2_ws/install/my_robot_controller/lib/python3.10/site-packages/my_robot_controller/my_first_node.py to my_first_node.cpython-310.pyc
[1.361s] byte-compiling /home/fly/ros2_ws/install/my_robot_controller/lib/python3.10/site-packages/my_robot_controller/spiral_subscriber.py to spiral_subscriber.cpython-310.pyc
[1.361s] byte-compiling /home/fly/ros2_ws/install/my_robot_controller/lib/python3.10/site-packages/my_robot_controller/__init__.py to __init__.cpython-310.pyc
[1.362s] byte-compiling /home/fly/ros2_ws/install/my_robot_controller/lib/python3.10/site-packages/my_robot_controller/turtle_spiral.py to turtle_spiral.cpython-310.pyc
[1.362s] running install_data
[1.362s] copying resource/my_robot_controller -> /home/fly/ros2_ws/install/my_robot_controller/share/ament_index/resource_index/packages
[1.362s] copying package.xml -> /home/fly/ros2_ws/install/my_robot_controller/share/my_robot_controller
[1.362s] running install_egg_info
[1.364s] Copying ../../build/my_robot_controller/my_robot_controller.egg-info to /home/fly/ros2_ws/install/my_robot_controller/lib/python3.10/site-packages/my_robot_controller-0.0.0-py3.10.egg-info
[1.366s] running install_scripts
[1.387s] Installing spiral_subscriber script to /home/fly/ros2_ws/install/my_robot_controller/lib/my_robot_controller
[1.388s] Installing turtle_spiral script to /home/fly/ros2_ws/install/my_robot_controller/lib/my_robot_controller
[1.388s] writing list of installed files to '/home/fly/ros2_ws/build/my_robot_controller/install.log'
[1.410s] Invoked command in '/home/fly/ros2_ws/src/my_robot_controller' returned '0': PYTHONPATH=/home/fly/ros2_ws/build/my_robot_controller/prefix_override:/usr/lib/python3/dist-packages/colcon_core/task/python/colcon_distutils_commands:/home/fly/ros2_ws/install/my_robot_controller/lib/python3.10/site-packages:${PYTHONPATH} /usr/bin/python3 -W ignore:setup.py install is deprecated -W ignore:easy_install command is deprecated setup.py egg_info --egg-base ../../build/my_robot_controller build --build-base /home/fly/ros2_ws/build/my_robot_controller/build install --record /home/fly/ros2_ws/build/my_robot_controller/install.log --single-version-externally-managed install_data --force
